c:\users\wc542\onedrive\바탕 화면\수업\게임서버\chess - 복사본\2020_stressw\2020_stressw\x64\release\vc142.pdb
c:\users\wc542\onedrive\바탕 화면\수업\게임서버\chess - 복사본\2020_stressw\2020_stressw\x64\release\networkmodule.obj
c:\users\wc542\onedrive\바탕 화면\수업\게임서버\chess - 복사본\2020_stressw\2020_stressw\x64\release\drawmodule.obj
c:\users\wc542\onedrive\바탕 화면\수업\게임서버\chess - 복사본\2020_stressw\x64\release\2020_stressw.exe
c:\users\wc542\onedrive\바탕 화면\수업\게임서버\chess - 복사본\2020_stressw\2020_stressw\x64\release\2020_stressw.ipdb
c:\users\wc542\onedrive\바탕 화면\수업\게임서버\chess - 복사본\2020_stressw\2020_stressw\x64\release\2020_stressw.iobj
c:\users\wc542\onedrive\바탕 화면\수업\게임서버\chess - 복사본\2020_stressw\x64\release\2020_stressw.pdb
c:\users\wc542\onedrive\바탕 화면\수업\게임서버\chess - 복사본\2020_stressw\2020_stressw\x64\release\2020_stressw.res
c:\users\wc542\onedrive\바탕 화면\수업\게임서버\게임서버_텀프로젝트\simple_mmorpg\2020_stressw\2020_stressw\x64\release\2020_stressw.ipdb
c:\users\wc542\onedrive\바탕 화면\수업\게임서버\게임서버_텀프로젝트\simple_mmorpg\2020_stressw\2020_stressw\x64\release\2020_stressw.iobj
c:\users\wc542\onedrive\바탕 화면\수업\게임서버\게임서버_텀프로젝트\simple_mmorpg\2020_stressw\2020_stressw\x64\release\2020_stressw.res
c:\users\wc542\onedrive\바탕 화면\수업\게임서버\게임서버_텀프로젝트\simple_mmorpg\2020_stressw\2020_stressw\x64\release\vc142.pdb
c:\users\wc542\onedrive\바탕 화면\수업\게임서버\게임서버_텀프로젝트\simple_mmorpg\2020_stressw\x64\release\2020_stressw.pdb
c:\users\wc542\onedrive\바탕 화면\수업\게임서버\게임서버_텀프로젝트\simple_mmorpg\2020_stressw\2020_stressw\x64\release\2020_stressw.tlog\cl.command.1.tlog
c:\users\wc542\onedrive\바탕 화면\수업\게임서버\게임서버_텀프로젝트\simple_mmorpg\2020_stressw\2020_stressw\x64\release\2020_stressw.tlog\cl.read.1.tlog
c:\users\wc542\onedrive\바탕 화면\수업\게임서버\게임서버_텀프로젝트\simple_mmorpg\2020_stressw\2020_stressw\x64\release\2020_stressw.tlog\cl.write.1.tlog
c:\users\wc542\onedrive\바탕 화면\수업\게임서버\게임서버_텀프로젝트\simple_mmorpg\2020_stressw\2020_stressw\x64\release\2020_stressw.tlog\link.command.1.tlog
c:\users\wc542\onedrive\바탕 화면\수업\게임서버\게임서버_텀프로젝트\simple_mmorpg\2020_stressw\2020_stressw\x64\release\2020_stressw.tlog\link.read.1.tlog
c:\users\wc542\onedrive\바탕 화면\수업\게임서버\게임서버_텀프로젝트\simple_mmorpg\2020_stressw\2020_stressw\x64\release\2020_stressw.tlog\link.write.1.tlog
c:\users\wc542\onedrive\바탕 화면\수업\게임서버\게임서버_텀프로젝트\simple_mmorpg\2020_stressw\2020_stressw\x64\release\2020_stressw.tlog\rc.command.1.tlog
c:\users\wc542\onedrive\바탕 화면\수업\게임서버\게임서버_텀프로젝트\simple_mmorpg\2020_stressw\2020_stressw\x64\release\2020_stressw.tlog\rc.read.1.tlog
c:\users\wc542\onedrive\바탕 화면\수업\게임서버\게임서버_텀프로젝트\simple_mmorpg\2020_stressw\2020_stressw\x64\release\2020_stressw.tlog\rc.write.1.tlog
